SF:lib\core\models\result.dart
DA:2,2
DA:7,2
DA:13,2
DA:18,0
LF:4
LH:3
end_of_record
SF:lib\features\auth\domain\entities\user_entity.dart
DA:12,2
DA:22,0
DA:24,0
DA:25,0
DA:26,0
DA:27,0
DA:30,0
DA:31,0
DA:32,0
DA:33,0
DA:34,0
DA:35,0
DA:36,0
DA:37,0
DA:40,0
DA:41,0
DA:42,0
DA:43,0
DA:44,0
DA:45,0
DA:46,0
DA:47,0
DA:50,2
DA:52,16
LF:24
LH:3
end_of_record
SF:lib\features\auth\domain\usecases\login_usecase.dart
DA:9,1
DA:11,1
DA:12,2
LF:3
LH:3
end_of_record
SF:lib\features\auth\presentation\bloc\login_bloc.dart
DA:12,2
DA:13,2
DA:16,1
DA:20,5
DA:21,1
DA:25,1
DA:26,5
DA:29,2
DA:30,2
DA:31,2
DA:32,2
LF:11
LH:11
end_of_record
SF:lib\features\auth\presentation\bloc\login_event.dart
DA:4,1
DA:6,0
DA:7,0
DA:14,1
DA:16,0
DA:17,0
LF:6
LH:2
end_of_record
SF:lib\features\auth\presentation\bloc\login_state.dart
DA:5,2
DA:7,1
DA:8,1
DA:12,2
DA:16,2
DA:21,1
DA:23,1
DA:24,2
DA:29,2
DA:31,1
DA:32,2
LF:11
LH:11
end_of_record
SF:lib\features\auth\domain\usecases\logout_usecase.dart
DA:8,1
DA:10,3
LF:2
LH:2
end_of_record
SF:lib\features\order\domain\entities\cart_item_entity.dart
DA:11,1
DA:20,0
DA:21,0
DA:22,0
DA:23,0
DA:26,0
DA:29,0
DA:30,0
DA:31,0
DA:32,0
DA:33,0
DA:34,0
DA:35,0
DA:38,0
DA:39,0
DA:40,0
DA:41,0
DA:42,0
DA:43,0
DA:44,0
DA:47,0
DA:55,0
DA:56,0
DA:57,0
DA:58,0
DA:59,0
DA:60,0
DA:61,0
DA:64,1
DA:66,7
LF:30
LH:3
end_of_record
SF:lib\features\order\domain\usecases\add_to_cart_usecase.dart
DA:9,1
DA:11,3
LF:2
LH:2
end_of_record
SF:lib\features\order\domain\usecases\get_cart_usecase.dart
DA:9,1
DA:11,3
LF:2
LH:2
end_of_record
SF:lib\features\order\domain\usecases\remove_from_cart_usecase.dart
DA:8,1
DA:10,3
LF:2
LH:2
end_of_record
SF:lib\features\order\presentation\cubit\cart_cubit.dart
DA:16,1
DA:17,1
DA:19,1
DA:20,2
DA:21,1
DA:24,1
DA:25,2
DA:26,2
DA:27,1
DA:30,1
DA:31,2
DA:32,2
DA:33,1
DA:36,1
DA:38,2
DA:39,1
DA:41,5
DA:43,2
DA:44,2
DA:45,2
LF:20
LH:20
end_of_record
SF:lib\features\order\presentation\cubit\cart_state.dart
DA:5,1
DA:7,0
DA:8,0
DA:12,1
DA:19,1
DA:21,0
DA:23,1
DA:24,3
DA:29,1
DA:31,1
DA:32,2
LF:11
LH:8
end_of_record
SF:lib\features\order\domain\entities\order_entity.dart
DA:8,0
DA:14,0
DA:15,0
DA:27,1
DA:37,1
DA:39,8
LF:6
LH:3
end_of_record
SF:lib\features\order\domain\usecases\clear_cart_usecase.dart
DA:8,1
DA:10,3
LF:2
LH:2
end_of_record
SF:lib\features\order\domain\usecases\get_orders_usecase.dart
DA:9,1
DA:11,3
LF:2
LH:2
end_of_record
SF:lib\features\order\domain\usecases\place_order_usecase.dart
DA:10,1
DA:12,1
DA:16,2
LF:3
LH:3
end_of_record
SF:lib\features\order\presentation\cubit\order_cubit.dart
DA:16,1
DA:17,1
DA:19,1
DA:20,1
DA:21,2
DA:23,2
DA:24,2
DA:25,2
DA:26,2
DA:30,1
DA:34,1
DA:35,2
DA:37,1
DA:38,2
DA:39,1
DA:40,2
DA:41,2
LF:17
LH:17
end_of_record
SF:lib\features\order\presentation\cubit\order_state.dart
DA:5,1
DA:7,1
DA:8,1
DA:12,1
DA:16,1
DA:21,1
DA:23,1
DA:24,2
DA:29,1
DA:31,1
DA:32,2
DA:37,1
DA:42,1
LF:13
LH:13
end_of_record
SF:lib\features\product\domain\entities\product_entity.dart
DA:11,2
DA:20,0
DA:21,0
DA:22,0
DA:23,0
DA:26,0
DA:29,1
DA:30,7
LF:8
LH:3
end_of_record
SF:lib\features\product\domain\usecases\get_products_usecase.dart
DA:9,1
DA:11,3
LF:2
LH:2
end_of_record
SF:lib\features\product\presentation\cubit\product_cubit.dart
DA:11,2
DA:13,1
DA:14,1
DA:15,2
DA:17,2
DA:18,2
DA:19,2
DA:20,2
LF:8
LH:8
end_of_record
SF:lib\features\product\presentation\cubit\product_state.dart
DA:5,2
DA:7,1
DA:8,1
DA:12,2
DA:16,2
DA:21,1
DA:23,1
DA:24,2
DA:29,1
DA:31,1
DA:32,2
LF:11
LH:11
end_of_record
SF:lib\features\profile\domain\usecases\get_user_profile_usecase.dart
DA:9,1
DA:11,3
LF:2
LH:2
end_of_record
SF:lib\features\profile\presentation\cubit\profile_cubit.dart
DA:13,2
DA:15,1
DA:16,1
DA:17,2
DA:19,2
DA:20,2
DA:21,2
DA:22,2
DA:26,1
DA:27,2
DA:28,1
LF:11
LH:11
end_of_record
SF:lib\features\profile\presentation\cubit\profile_state.dart
DA:5,2
DA:7,1
DA:8,1
DA:12,2
DA:16,2
DA:21,1
DA:23,1
DA:24,2
DA:29,1
DA:31,1
DA:32,2
DA:36,2
LF:12
LH:12
end_of_record
